This file contains any messages produced by compilers while
running configure, to aid debugging if configure makes a mistake.

It was created by configure, which was
generated by GNU Autoconf 2.63.  Invocation command line was

  $ ./configure 

## --------- ##
## Platform. ##
## --------- ##

hostname = dagon
uname -m = x86_64
uname -r = 4.4.0-72-generic
uname -s = Linux
uname -v = #93-Ubuntu SMP Fri Mar 31 14:07:41 UTC 2017

/usr/bin/uname -p = unknown
/bin/uname -X     = unknown

/bin/arch              = unknown
/usr/bin/arch -k       = unknown
/usr/convex/getsysinfo = unknown
/usr/bin/hostinfo      = unknown
/bin/machine           = unknown
/usr/bin/oslevel       = unknown
/bin/universe          = unknown

PATH: /usr/local/sbin
PATH: /usr/local/bin
PATH: /usr/sbin
PATH: /usr/bin
PATH: /sbin
PATH: /bin
PATH: /usr/bin/X11
PATH: /usr/games
PATH: /usr/local/games
PATH: /home/ricardo/.local/bin
PATH: /home/ricardo/.composer/vendor/bin


## ----------- ##
## Core tests. ##
## ----------- ##

configure:1879: checking for gcc
configure:1895: found /usr/bin/gcc
configure:1906: result: gcc
configure:2138: checking for C compiler version
configure:2146: gcc --version >&5
gcc (Ubuntu 5.4.0-6ubuntu1~16.04.4) 5.4.0 20160609
Copyright (C) 2015 Free Software Foundation, Inc.
This is free software; see the source for copying conditions.  There is NO
warranty; not even for MERCHANTABILITY or FITNESS FOR A PARTICULAR PURPOSE.

configure:2150: $? = 0
configure:2157: gcc -v >&5
Using built-in specs.
COLLECT_GCC=gcc
COLLECT_LTO_WRAPPER=/usr/lib/gcc/x86_64-linux-gnu/5/lto-wrapper
Target: x86_64-linux-gnu
Configured with: ../src/configure -v --with-pkgversion='Ubuntu 5.4.0-6ubuntu1~16.04.4' --with-bugurl=file:///usr/share/doc/gcc-5/README.Bugs --enable-languages=c,ada,c++,java,go,d,fortran,objc,obj-c++ --prefix=/usr --program-suffix=-5 --enable-shared --enable-linker-build-id --libexecdir=/usr/lib --without-included-gettext --enable-threads=posix --libdir=/usr/lib --enable-nls --with-sysroot=/ --enable-clocale=gnu --enable-libstdcxx-debug --enable-libstdcxx-time=yes --with-default-libstdcxx-abi=new --enable-gnu-unique-object --disable-vtable-verify --enable-libmpx --enable-plugin --with-system-zlib --disable-browser-plugin --enable-java-awt=gtk --enable-gtk-cairo --with-java-home=/usr/lib/jvm/java-1.5.0-gcj-5-amd64/jre --enable-java-home --with-jvm-root-dir=/usr/lib/jvm/java-1.5.0-gcj-5-amd64 --with-jvm-jar-dir=/usr/lib/jvm-exports/java-1.5.0-gcj-5-amd64 --with-arch-directory=amd64 --with-ecj-jar=/usr/share/java/eclipse-ecj.jar --enable-objc-gc --enable-multiarch --disable-werror --with-arch-32=i686 --with-abi=m64 --with-multilib-list=m32,m64,mx32 --enable-multilib --with-tune=generic --enable-checking=release --build=x86_64-linux-gnu --host=x86_64-linux-gnu --target=x86_64-linux-gnu
Thread model: posix
gcc version 5.4.0 20160609 (Ubuntu 5.4.0-6ubuntu1~16.04.4) 
configure:2161: $? = 0
configure:2168: gcc -V >&5
gcc: error: unrecognized command line option '-V'
gcc: fatal error: no input files
compilation terminated.
configure:2172: $? = 1
configure:2195: checking for C compiler default output file name
configure:2217: gcc    conftest.c  >&5
configure:2221: $? = 0
configure:2259: result: a.out
configure:2278: checking whether the C compiler works
configure:2288: ./a.out
configure:2292: $? = 0
configure:2311: result: yes
configure:2318: checking whether we are cross compiling
configure:2320: result: no
configure:2323: checking for suffix of executables
configure:2330: gcc -o conftest    conftest.c  >&5
configure:2334: $? = 0
configure:2360: result: 
configure:2366: checking for suffix of object files
configure:2392: gcc -c   conftest.c >&5
configure:2396: $? = 0
configure:2421: result: o
configure:2425: checking whether we are using the GNU C compiler
configure:2454: gcc -c   conftest.c >&5
configure:2461: $? = 0
configure:2478: result: yes
configure:2487: checking whether gcc accepts -g
configure:2517: gcc -c -g  conftest.c >&5
configure:2524: $? = 0
configure:2625: result: yes
configure:2642: checking for gcc option to accept ISO C89
configure:2716: gcc  -c -g -O2  conftest.c >&5
configure:2723: $? = 0
configure:2746: result: none needed
configure:2771: checking how to run the C preprocessor
configure:2811: gcc -E  conftest.c
configure:2818: $? = 0
configure:2849: gcc -E  conftest.c
conftest.c:8:28: fatal error: ac_nonexistent.h: No such file or directory
compilation terminated.
configure:2856: $? = 1
configure: failed program was:
| /* confdefs.h.  */
| #define PACKAGE_NAME ""
| #define PACKAGE_TARNAME ""
| #define PACKAGE_VERSION ""
| #define PACKAGE_STRING ""
| #define PACKAGE_BUGREPORT ""
| /* end confdefs.h.  */
| #include <ac_nonexistent.h>
configure:2889: result: gcc -E
configure:2918: gcc -E  conftest.c
configure:2925: $? = 0
configure:2956: gcc -E  conftest.c
conftest.c:8:28: fatal error: ac_nonexistent.h: No such file or directory
compilation terminated.
configure:2963: $? = 1
configure: failed program was:
| /* confdefs.h.  */
| #define PACKAGE_NAME ""
| #define PACKAGE_TARNAME ""
| #define PACKAGE_VERSION ""
| #define PACKAGE_STRING ""
| #define PACKAGE_BUGREPORT ""
| /* end confdefs.h.  */
| #include <ac_nonexistent.h>
configure:3003: checking for grep that handles long lines and -e
configure:3063: result: /bin/grep
configure:3068: checking for egrep
configure:3132: result: /bin/grep -E
configure:3137: checking for ANSI C header files
configure:3167: gcc -c -g -O2  conftest.c >&5
configure:3174: $? = 0
configure:3273: gcc -o conftest -g -O2   conftest.c  >&5
configure:3277: $? = 0
configure:3283: ./conftest
configure:3287: $? = 0
configure:3305: result: yes
configure:3329: checking for sys/types.h
configure:3350: gcc -c -g -O2  conftest.c >&5
configure:3357: $? = 0
configure:3374: result: yes
configure:3329: checking for sys/stat.h
configure:3350: gcc -c -g -O2  conftest.c >&5
configure:3357: $? = 0
configure:3374: result: yes
configure:3329: checking for stdlib.h
configure:3350: gcc -c -g -O2  conftest.c >&5
configure:3357: $? = 0
configure:3374: result: yes
configure:3329: checking for string.h
configure:3350: gcc -c -g -O2  conftest.c >&5
configure:3357: $? = 0
configure:3374: result: yes
configure:3329: checking for memory.h
configure:3350: gcc -c -g -O2  conftest.c >&5
configure:3357: $? = 0
configure:3374: result: yes
configure:3329: checking for strings.h
configure:3350: gcc -c -g -O2  conftest.c >&5
configure:3357: $? = 0
configure:3374: result: yes
configure:3329: checking for inttypes.h
configure:3350: gcc -c -g -O2  conftest.c >&5
configure:3357: $? = 0
configure:3374: result: yes
configure:3329: checking for stdint.h
configure:3350: gcc -c -g -O2  conftest.c >&5
configure:3357: $? = 0
configure:3374: result: yes
configure:3329: checking for unistd.h
configure:3350: gcc -c -g -O2  conftest.c >&5
configure:3357: $? = 0
configure:3374: result: yes
configure:3389: checking whether byte ordering is bigendian
configure:3414: gcc -c -g -O2  conftest.c >&5
conftest.c:19:9: error: unknown type name 'not'
         not a universal capable compiler
         ^
conftest.c:19:15: error: expected '=', ',', ';', 'asm' or '__attribute__' before 'universal'
         not a universal capable compiler
               ^
conftest.c:19:15: error: unknown type name 'universal'
configure:3421: $? = 1
configure: failed program was:
| /* confdefs.h.  */
| #define PACKAGE_NAME ""
| #define PACKAGE_TARNAME ""
| #define PACKAGE_VERSION ""
| #define PACKAGE_STRING ""
| #define PACKAGE_BUGREPORT ""
| #define STDC_HEADERS 1
| #define HAVE_SYS_TYPES_H 1
| #define HAVE_SYS_STAT_H 1
| #define HAVE_STDLIB_H 1
| #define HAVE_STRING_H 1
| #define HAVE_MEMORY_H 1
| #define HAVE_STRINGS_H 1
| #define HAVE_INTTYPES_H 1
| #define HAVE_STDINT_H 1
| #define HAVE_UNISTD_H 1
| /* end confdefs.h.  */
| #ifndef __APPLE_CC__
| 	       not a universal capable compiler
| 	     #endif
| 	     typedef int dummy;
| 
configure:3471: gcc -c -g -O2  conftest.c >&5
configure:3478: $? = 0
configure:3510: gcc -c -g -O2  conftest.c >&5
conftest.c: In function 'main':
conftest.c:25:4: error: unknown type name 'not'
    not big endian
    ^
conftest.c:25:12: error: expected '=', ',', ';', 'asm' or '__attribute__' before 'endian'
    not big endian
            ^
configure:3517: $? = 1
configure: failed program was:
| /* confdefs.h.  */
| #define PACKAGE_NAME ""
| #define PACKAGE_TARNAME ""
| #define PACKAGE_VERSION ""
| #define PACKAGE_STRING ""
| #define PACKAGE_BUGREPORT ""
| #define STDC_HEADERS 1
| #define HAVE_SYS_TYPES_H 1
| #define HAVE_SYS_STAT_H 1
| #define HAVE_STDLIB_H 1
| #define HAVE_STRING_H 1
| #define HAVE_MEMORY_H 1
| #define HAVE_STRINGS_H 1
| #define HAVE_INTTYPES_H 1
| #define HAVE_STDINT_H 1
| #define HAVE_UNISTD_H 1
| /* end confdefs.h.  */
| #include <sys/types.h>
| 		#include <sys/param.h>
| 
| int
| main ()
| {
| #if BYTE_ORDER != BIG_ENDIAN
| 		 not big endian
| 		#endif
| 
|   ;
|   return 0;
| }
configure:3769: result: no
configure:3832: checking build system type
configure:3850: result: x86_64-unknown-linux-gnu
configure:3872: checking host system type
configure:3887: result: x86_64-unknown-linux-gnu
configure:3909: checking target system type
configure:3924: result: x86_64-unknown-linux-gnu
configure:3975: checking for pkg-config
configure:3993: found /usr/bin/pkg-config
configure:4006: result: /usr/bin/pkg-config
configure:4028: checking for GTK+ - version >= 2.2.0
configure:4148: gcc -o conftest -g -O2 -pthread -I/usr/include/gtk-2.0 -I/usr/lib/x86_64-linux-gnu/gtk-2.0/include -I/usr/include/gio-unix-2.0/ -I/usr/include/cairo -I/usr/include/pango-1.0 -I/usr/include/atk-1.0 -I/usr/include/cairo -I/usr/include/pixman-1 -I/usr/include/libpng12 -I/usr/include/gdk-pixbuf-2.0 -I/usr/include/libpng12 -I/usr/include/pango-1.0 -I/usr/include/harfbuzz -I/usr/include/pango-1.0 -I/usr/include/glib-2.0 -I/usr/lib/x86_64-linux-gnu/glib-2.0/include -I/usr/include/freetype2   conftest.c -lgtk-x11-2.0 -lgdk-x11-2.0 -lpangocairo-1.0 -latk-1.0 -lcairo -lgdk_pixbuf-2.0 -lgio-2.0 -lpangoft2-1.0 -lpango-1.0 -lgobject-2.0 -lglib-2.0 -lfontconfig -lfreetype  >&5
conftest.c: In function 'main':
conftest.c:29:3: warning: ignoring return value of 'system', declared with attribute warn_unused_result [-Wunused-result]
   system ("touch conf.gtktest");
   ^
configure:4152: $? = 0
configure:4158: ./conftest
configure:4162: $? = 0
configure:4183: result: yes (version 2.24.30)
configure:4318: checking for sdl-config
configure:4336: found /usr/bin/sdl-config
configure:4349: result: /usr/bin/sdl-config
configure:4358: checking for SDL - version >= 1.2.0
configure:4455: gcc -o conftest -g -O2 -I/usr/include/SDL -D_GNU_SOURCE=1 -D_REENTRANT   conftest.c  -L/usr/lib/x86_64-linux-gnu -lSDL >&5
configure:4459: $? = 0
configure:4465: ./conftest
configure:4469: $? = 0
configure:4491: result: yes
configure:4629: checking for ALSA CFLAGS
configure:4635: result: 
configure:4638: checking for ALSA LDFLAGS
configure:4647: result:  -lasound -lm -ldl -lpthread
configure:4651: checking for libasound headers version >= 1.0.0
configure:4723: gcc -c -g -O2  conftest.c >&5
configure:4730: $? = 0
configure:4735: result: found.
configure:4758: checking for snd_ctl_open in -lasound
configure:4793: gcc -o conftest -g -O2   conftest.c -lasound   -lasound -lm -ldl -lpthread  >&5
configure:4800: $? = 0
configure:4821: result: yes
configure:4872: checking sys/soundcard.h usability
configure:4889: gcc -c -g -O2  conftest.c >&5
configure:4896: $? = 0
configure:4910: result: yes
configure:4914: checking sys/soundcard.h presence
configure:4929: gcc -E  conftest.c
configure:4936: $? = 0
configure:4950: result: yes
configure:4978: checking for sys/soundcard.h
configure:4985: result: yes
configure:5015: checking pulse/simple.h usability
configure:5032: gcc -c -g -O2  conftest.c >&5
configure:5039: $? = 0
configure:5053: result: yes
configure:5057: checking pulse/simple.h presence
configure:5072: gcc -E  conftest.c
configure:5079: $? = 0
configure:5093: result: yes
configure:5121: checking for pulse/simple.h
configure:5128: result: yes
configure:5148: checking for PULSE CFLAGS
configure:5151: result: -D_REENTRANT
configure:5153: checking for PULSE LDFLAGS
configure:5156: result: -lpulse-simple -lpulse
configure:5162: checking for X
configure:5277: gcc -E  conftest.c
configure:5284: $? = 0
configure:5333: gcc -o conftest -g -O2   conftest.c -lX11 -lasound -lm -ldl -lpthread >&5
configure:5340: $? = 0
configure:5402: result: libraries , headers 
configure:5552: creating ./config.status

## ---------------------- ##
## Running config.status. ##
## ---------------------- ##

This file was extended by config.status, which was
generated by GNU Autoconf 2.63.  Invocation command line was

  CONFIG_FILES    = 
  CONFIG_HEADERS  = 
  CONFIG_LINKS    = 
  CONFIG_COMMANDS = 
  $ ./config.status 

on dagon

config.status:675: creating Makefile

## ---------------- ##
## Cache variables. ##
## ---------------- ##

ac_cv_build=x86_64-unknown-linux-gnu
ac_cv_c_bigendian=no
ac_cv_c_compiler_gnu=yes
ac_cv_env_CC_set=
ac_cv_env_CC_value=
ac_cv_env_CFLAGS_set=
ac_cv_env_CFLAGS_value=
ac_cv_env_CPPFLAGS_set=
ac_cv_env_CPPFLAGS_value=
ac_cv_env_CPP_set=
ac_cv_env_CPP_value=
ac_cv_env_LDFLAGS_set=
ac_cv_env_LDFLAGS_value=
ac_cv_env_LIBS_set=
ac_cv_env_LIBS_value=
ac_cv_env_XMKMF_set=
ac_cv_env_XMKMF_value=
ac_cv_env_build_alias_set=
ac_cv_env_build_alias_value=
ac_cv_env_host_alias_set=
ac_cv_env_host_alias_value=
ac_cv_env_target_alias_set=
ac_cv_env_target_alias_value=
ac_cv_have_x='have_x=yes	ac_x_includes='\'''\''	ac_x_libraries='\'''\'''
ac_cv_header_inttypes_h=yes
ac_cv_header_memory_h=yes
ac_cv_header_pulse_simple_h=yes
ac_cv_header_stdc=yes
ac_cv_header_stdint_h=yes
ac_cv_header_stdlib_h=yes
ac_cv_header_string_h=yes
ac_cv_header_strings_h=yes
ac_cv_header_sys_soundcard_h=yes
ac_cv_header_sys_stat_h=yes
ac_cv_header_sys_types_h=yes
ac_cv_header_unistd_h=yes
ac_cv_host=x86_64-unknown-linux-gnu
ac_cv_lib_asound_snd_ctl_open=yes
ac_cv_objext=o
ac_cv_path_EGREP='/bin/grep -E'
ac_cv_path_GREP=/bin/grep
ac_cv_path_PKG_CONFIG=/usr/bin/pkg-config
ac_cv_path_SDL_CONFIG=/usr/bin/sdl-config
ac_cv_prog_CPP='gcc -E'
ac_cv_prog_ac_ct_CC=gcc
ac_cv_prog_cc_c89=
ac_cv_prog_cc_g=yes
ac_cv_target=x86_64-unknown-linux-gnu

## ----------------- ##
## Output variables. ##
## ----------------- ##

ALSA_CFLAGS=''
ALSA_LIBS=' -lasound -lm -ldl -lpthread'
CC='gcc'
CFLAGS='-g -O2'
CPP='gcc -E'
CPPFLAGS=''
DEFS='-DPACKAGE_NAME=\"\" -DPACKAGE_TARNAME=\"\" -DPACKAGE_VERSION=\"\" -DPACKAGE_STRING=\"\" -DPACKAGE_BUGREPORT=\"\" -DSTDC_HEADERS=1 -DHAVE_SYS_TYPES_H=1 -DHAVE_SYS_STAT_H=1 -DHAVE_STDLIB_H=1 -DHAVE_STRING_H=1 -DHAVE_MEMORY_H=1 -DHAVE_STRINGS_H=1 -DHAVE_INTTYPES_H=1 -DHAVE_STDINT_H=1 -DHAVE_UNISTD_H=1 -DHAVE_GTK=1 -DHAVE_SDL=1 -DHAVE_LIBASOUND=1 -DHAVE_ALSA=1 -DHAVE_SYS_SOUNDCARD_H=1 -DHAVE_PULSE=1'
ECHO_C=''
ECHO_N='-n'
ECHO_T=''
EGREP='/bin/grep -E'
EXEEXT=''
GREP='/bin/grep'
GTK_CFLAGS='-pthread -I/usr/include/gtk-2.0 -I/usr/lib/x86_64-linux-gnu/gtk-2.0/include -I/usr/include/gio-unix-2.0/ -I/usr/include/cairo -I/usr/include/pango-1.0 -I/usr/include/atk-1.0 -I/usr/include/cairo -I/usr/include/pixman-1 -I/usr/include/libpng12 -I/usr/include/gdk-pixbuf-2.0 -I/usr/include/libpng12 -I/usr/include/pango-1.0 -I/usr/include/harfbuzz -I/usr/include/pango-1.0 -I/usr/include/glib-2.0 -I/usr/lib/x86_64-linux-gnu/glib-2.0/include -I/usr/include/freetype2'
GTK_LIBS='-lgtk-x11-2.0 -lgdk-x11-2.0 -lpangocairo-1.0 -latk-1.0 -lcairo -lgdk_pixbuf-2.0 -lgio-2.0 -lpangoft2-1.0 -lpango-1.0 -lgobject-2.0 -lglib-2.0 -lfontconfig -lfreetype'
HAVE_PULSE='1'
LDFLAGS=''
LIBOBJS=''
LIBS='-lasound -lm -ldl -lpthread'
LTLIBOBJS=''
OBJEXT='o'
PACKAGE_BUGREPORT=''
PACKAGE_NAME=''
PACKAGE_STRING=''
PACKAGE_TARNAME=''
PACKAGE_VERSION=''
PATH_SEPARATOR=':'
PKG_CONFIG='/usr/bin/pkg-config'
PULSE_CFLAGS='-D_REENTRANT'
PULSE_LIBS='-lpulse-simple -lpulse'
SDL_CFLAGS='-I/usr/include/SDL -D_GNU_SOURCE=1 -D_REENTRANT'
SDL_CONFIG='/usr/bin/sdl-config'
SDL_LIBS='-L/usr/lib/x86_64-linux-gnu -lSDL'
SHELL='/bin/bash'
XMKMF=''
ac_ct_CC='gcc'
bindir='${exec_prefix}/bin'
build='x86_64-unknown-linux-gnu'
build_alias=''
build_cpu='x86_64'
build_os='linux-gnu'
build_vendor='unknown'
datadir='${datarootdir}'
datarootdir='${prefix}/share'
docdir='${datarootdir}/doc/${PACKAGE}'
dvidir='${docdir}'
exec_prefix='${prefix}'
host='x86_64-unknown-linux-gnu'
host_alias=''
host_cpu='x86_64'
host_os='linux-gnu'
host_vendor='unknown'
htmldir='${docdir}'
includedir='${prefix}/include'
infodir='${datarootdir}/info'
libdir='${exec_prefix}/lib'
libexecdir='${exec_prefix}/libexec'
localedir='${datarootdir}/locale'
localstatedir='${prefix}/var'
mandir='${datarootdir}/man'
oldincludedir='/usr/include'
pdfdir='${docdir}'
prefix='/usr/local'
program_transform_name='s,x,x,'
psdir='${docdir}'
sbindir='${exec_prefix}/sbin'
sharedstatedir='${prefix}/com'
sysconfdir='${prefix}/etc'
target='x86_64-unknown-linux-gnu'
target_alias=''
target_cpu='x86_64'
target_os='linux-gnu'
target_vendor='unknown'
x_includes=''
x_libraries=''

## ----------- ##
## confdefs.h. ##
## ----------- ##

#define PACKAGE_NAME ""
#define PACKAGE_TARNAME ""
#define PACKAGE_VERSION ""
#define PACKAGE_STRING ""
#define PACKAGE_BUGREPORT ""
#define STDC_HEADERS 1
#define HAVE_SYS_TYPES_H 1
#define HAVE_SYS_STAT_H 1
#define HAVE_STDLIB_H 1
#define HAVE_STRING_H 1
#define HAVE_MEMORY_H 1
#define HAVE_STRINGS_H 1
#define HAVE_INTTYPES_H 1
#define HAVE_STDINT_H 1
#define HAVE_UNISTD_H 1
#define HAVE_GTK 1
#define HAVE_SDL 1
#define HAVE_LIBASOUND 1
#define HAVE_ALSA 1
#define HAVE_SYS_SOUNDCARD_H 1
#define HAVE_PULSE 1

configure: exit 0
